\BOOKMARK [1][-]{section.1}{\376\377\000E\000M\173\227\154\325\166\204\164\006\213\272\127\372\170\100}{}% 1
\BOOKMARK [2][-]{subsection.1.1}{\376\377\116\300\116\110\146\057\000E\000M\173\227\154\325\377\037}{section.1}% 2
\BOOKMARK [2][-]{subsection.1.2}{\376\377\000E\000M\173\227\154\325\166\204\145\160\133\146\143\250\133\374}{section.1}% 3
\BOOKMARK [2][-]{subsection.1.3}{\376\377\000E\000M\173\227\154\325\166\204\145\066\145\133\140\047}{section.1}% 4
\BOOKMARK [2][-]{subsection.1.4}{\376\377\000E\000M\173\227\154\325\155\101\172\013}{section.1}% 5
\BOOKMARK [2][-]{subsection.1.5}{\376\377\000E\000M\173\227\154\325\166\204\136\224\165\050\127\072\146\157}{section.1}% 6
\BOOKMARK [1][-]{section.2}{\376\377\000E\000M\173\227\154\325\166\204\136\070\211\301\136\224\165\050\171\072\117\213}{}% 7
\BOOKMARK [2][-]{subsection.2.1}{\376\377\170\154\136\001\225\356\230\230}{section.2}% 8
\BOOKMARK [3][-]{subsubsection.2.1.1}{\376\377\225\356\230\230\143\317\217\360}{subsection.2.1}% 9
\BOOKMARK [3][-]{subsubsection.2.1.2}{\376\377\000E\000M\173\227\154\325\154\102\211\343\170\154\136\001\225\356\230\230}{subsection.2.1}% 10
\BOOKMARK [3][-]{subsubsection.2.1.3}{\376\377\176\323\147\234\122\006\147\220}{subsection.2.1}% 11
\BOOKMARK [2][-]{subsection.2.2}{\376\377\150\146\134\072\206\376\225\356\230\230}{section.2}% 12
\BOOKMARK [3][-]{subsubsection.2.2.1}{\376\377\200\314\146\157\116\313\176\315}{subsection.2.2}% 13
\BOOKMARK [3][-]{subsubsection.2.2.2}{\376\377\000E\000M\173\227\154\325\117\060\213\241\127\372\126\340\230\221\163\207}{subsection.2.2}% 14
\BOOKMARK [3][-]{subsubsection.2.2.3}{\376\377\176\323\147\234\122\006\147\220}{subsection.2.2}% 15
\BOOKMARK [2][-]{subsection.2.3}{\376\377\232\330\145\257\155\367\124\010\152\041\127\213}{section.2}% 16
\BOOKMARK [3][-]{subsubsection.2.3.1}{\376\377\000E\000M\173\227\154\325\127\050\232\330\145\257\155\367\124\010\152\041\127\213\116\055\166\204\136\224\165\050}{subsection.2.3}% 17
\BOOKMARK [3][-]{subsubsection.2.3.2}{\376\377\232\330\145\257\155\367\124\010\152\041\127\213\150\110\117\213}{subsection.2.3}% 18
\BOOKMARK [3][-]{subsubsection.2.3.3}{\376\377\176\323\147\234\122\006\147\220\116\016\213\304\117\060}{subsection.2.3}% 19
\BOOKMARK [2][-]{subsection.2.4}{\376\377\136\224\165\050\140\073\176\323}{section.2}% 20
\BOOKMARK [1][-]{section.3}{\376\377\000E\000M\173\227\154\325\127\050\000D\000I\000N\000A\152\041\127\213\116\055\166\204\136\224\165\050}{}% 21
\BOOKMARK [2][-]{subsection.3.1}{\376\377\000D\000I\000N\000A\152\041\127\213\151\202\217\360}{section.3}% 22
\BOOKMARK [2][-]{subsection.3.2}{\376\377\000E\000M\173\227\154\325\143\250\133\374\116\016\133\236\163\260}{section.3}% 23
\BOOKMARK [3][-]{subsubsection.3.2.1}{\376\377\000E\153\145\377\032\213\241\173\227\124\016\232\214\151\202\163\207}{subsection.3.2}% 24
\BOOKMARK [3][-]{subsubsection.3.2.2}{\376\377\000M\153\145\377\032\123\302\145\160\146\364\145\260}{subsection.3.2}% 25
\BOOKMARK [3][-]{subsubsection.3.2.3}{\376\377\000D\000I\000N\000A\152\041\127\213\123\302\145\160\117\060\213\241\166\204\000E\000M\173\227\154\325}{subsection.3.2}% 26
\BOOKMARK [2][-]{subsection.3.3}{\376\377\136\224\165\050\150\110\117\213\122\006\147\220\377\032\152\041\142\337\145\160\143\156\133\236\232\214}{section.3}% 27
\BOOKMARK [3][-]{subsubsection.3.3.1}{\376\377\133\236\232\214\213\276\213\241}{subsection.3.3}% 28
\BOOKMARK [3][-]{subsubsection.3.3.2}{\376\377\133\236\232\214\176\323\147\234}{subsection.3.3}% 29
\BOOKMARK [2][-]{subsection.3.4}{\376\377\142\151\134\125\213\250\213\272\377\032\152\041\127\213\153\324\217\203\116\016\136\224\165\050\143\021\142\030}{section.3}% 30
\BOOKMARK [2][-]{subsection.3.5}{\376\377\134\017\176\323\116\016\134\125\147\033}{section.3}% 31
\BOOKMARK [1][-]{section.4}{\376\377\000E\000M\173\227\154\325\166\204\143\250\136\177\377\032\000G\000E\000M\173\227\154\325}{}% 32
\BOOKMARK [2][-]{subsection.4.1}{\376\377\000G\000E\000M\173\227\154\325\166\204\200\314\146\157\116\016\122\250\147\072}{section.4}% 33
\BOOKMARK [2][-]{subsection.4.2}{\376\377\000G\000E\000M\173\227\154\325\166\204\135\345\117\134\123\237\164\006}{section.4}% 34
\BOOKMARK [2][-]{subsection.4.3}{\376\377\000G\000E\000M\173\227\154\325\166\204\217\355\116\343\217\307\172\013}{section.4}% 35
\BOOKMARK [2][-]{subsection.4.4}{\376\377\000G\000E\000M\173\227\154\325\166\204\117\030\122\277\116\016\134\100\226\120\140\047}{section.4}% 36
\BOOKMARK [3][-]{subsubsection.4.4.1}{\376\377\117\030\122\277}{subsection.4.4}% 37
\BOOKMARK [3][-]{subsubsection.4.4.2}{\376\377\134\100\226\120\140\047}{subsection.4.4}% 38
\BOOKMARK [2][-]{subsection.4.5}{\376\377\000G\000E\000M\173\227\154\325\166\204\136\224\165\050\127\072\146\157}{section.4}% 39
\BOOKMARK [2][-]{subsection.4.6}{\376\377\000G\000E\000M\173\227\154\325\134\017\176\323}{section.4}% 40
\BOOKMARK [1][-]{section.5}{\376\377\140\073\176\323}{}% 41
\BOOKMARK [2][-]{subsection.5.1}{\376\377\000E\000M\173\227\154\325\166\204\164\006\213\272\117\123\174\373}{section.5}% 42
\BOOKMARK [2][-]{subsection.5.2}{\376\377\000E\000M\173\227\154\325\166\204\136\224\165\050}{section.5}% 43
\BOOKMARK [2][-]{subsection.5.3}{\376\377\000E\000M\173\227\154\325\166\204\140\073\176\323\116\016\134\125\147\033}{section.5}% 44
\BOOKMARK [1][-]{appendix.A}{\376\377\226\104\137\125}{}% 45
\BOOKMARK [2][-]{subsection.A.1}{\376\377\170\154\136\001\225\356\230\230\166\204\000P\000y\000t\000h\000o\000n\133\236\163\260}{appendix.A}% 46
\BOOKMARK [2][-]{subsection.A.2}{\376\377\150\146\134\072\206\376\225\356\230\230\166\204\000P\000y\000t\000h\000o\000n\133\236\163\260}{appendix.A}% 47
\BOOKMARK [2][-]{subsection.A.3}{\376\377\232\330\145\257\155\367\124\010\152\041\127\213\166\204\000P\000y\000t\000h\000o\000n\133\236\163\260}{appendix.A}% 48
\BOOKMARK [2][-]{subsection.A.4}{\376\377\000D\000I\000N\000A\152\041\127\213\166\204\000P\000y\000t\000h\000o\000n\133\236\163\260}{appendix.A}% 49
